app/build/intermediates/manifest_merge_blame_file/debug/manifest-merger-blame-debug-report.txt
1<?xml version="1.0" encoding="utf-8"?>
2<manifest xmlns:android="http://schemas.android.com/apk/res/android"
3    package="com.dream.cleaner"
4    android:versionCode="1"
5    android:versionName="1.0.0" >
6
7    <uses-sdk
8        android:minSdkVersion="19"
8-->src/main/AndroidManifest.xml
9        android:targetSdkVersion="29" />
9-->src/main/AndroidManifest.xml
10
11    <uses-permission android:name="android.permission.INTERNET" />
11-->src/main/AndroidManifest.xml:5:5-67
11-->src/main/AndroidManifest.xml:5:22-64
12    <uses-permission android:name="android.permission.WRITE_EXTERNAL_STORAGE" />
12-->src/main/AndroidManifest.xml:6:5-81
12-->src/main/AndroidManifest.xml:6:22-78
13    <uses-permission android:name="android.permission.READ_EXTERNAL_STORAGE" />
13-->src/main/AndroidManifest.xml:7:5-80
13-->src/main/AndroidManifest.xml:7:22-77
14    <uses-permission android:name="android.permission.CAMERA" />
14-->src/main/AndroidManifest.xml:8:5-65
14-->src/main/AndroidManifest.xml:8:22-62
15    <uses-permission android:name="android.permission.CALL_PHONE" />
15-->src/main/AndroidManifest.xml:9:5-69
15-->src/main/AndroidManifest.xml:9:22-66
16    <uses-permission android:name="android.permission.ACCESS_NETWORK_STATE" />
16-->src/main/AndroidManifest.xml:10:5-79
16-->src/main/AndroidManifest.xml:10:22-76
17    <uses-permission android:name="android.permission.ACCESS_WIFI_STATE" />
17-->src/main/AndroidManifest.xml:11:5-76
17-->src/main/AndroidManifest.xml:11:22-73
18    <uses-permission android:name="android.permission.CHANGE_WIFI_STATE" />
18-->src/main/AndroidManifest.xml:12:5-76
18-->src/main/AndroidManifest.xml:12:22-73
19    <uses-permission android:name="android.permission.READ_PHONE_STATE" />
19-->src/main/AndroidManifest.xml:13:5-75
19-->src/main/AndroidManifest.xml:13:22-72
20
21    <application
21-->src/main/AndroidManifest.xml:15:5-43:19
22        android:name="com.dream.cleaner.base.MyApplication"
22-->src/main/AndroidManifest.xml:16:9-43
23        android:allowBackup="true"
23-->src/main/AndroidManifest.xml:17:9-35
24        android:appComponentFactory="androidx.core.app.CoreComponentFactory"
24-->[androidx.core:core:1.3.0] AndroidManifest.xml:24:18-86
25        android:debuggable="true"
26        android:icon="@mipmap/app_logo"
26-->src/main/AndroidManifest.xml:18:9-40
27        android:label="@string/app_name"
27-->src/main/AndroidManifest.xml:19:9-41
28        android:roundIcon="@mipmap/app_logo"
28-->src/main/AndroidManifest.xml:20:9-45
29        android:supportsRtl="true"
29-->src/main/AndroidManifest.xml:21:9-35
30        android:testOnly="true"
31        android:theme="@style/AppTheme" >
31-->src/main/AndroidManifest.xml:22:9-40
32        <meta-data
32-->src/main/AndroidManifest.xml:24:9-26:35
33            android:name="design_width_in_dp"
33-->src/main/AndroidManifest.xml:25:13-46
34            android:value="360" />
34-->src/main/AndroidManifest.xml:26:13-32
35        <meta-data
35-->src/main/AndroidManifest.xml:27:9-29:35
36            android:name="design_height_in_dp"
36-->src/main/AndroidManifest.xml:28:13-47
37            android:value="640" />
37-->src/main/AndroidManifest.xml:29:13-32
38
39        <activity android:name="com.dream.cleaner.ui.main.MainActivity" />
39-->src/main/AndroidManifest.xml:31:9-67
39-->src/main/AndroidManifest.xml:31:19-55
40        <activity android:name="com.dream.cleaner.ui.login.activity.LoginActivity" >
40-->src/main/AndroidManifest.xml:32:9-39:20
40-->src/main/AndroidManifest.xml:32:19-66
41            <intent-filter>
41-->src/main/AndroidManifest.xml:33:13-37:29
42                <action android:name="android.intent.action.MAIN" />
42-->src/main/AndroidManifest.xml:34:17-69
42-->src/main/AndroidManifest.xml:34:25-66
43
44                <category android:name="android.intent.category.LAUNCHER" />
44-->src/main/AndroidManifest.xml:36:17-77
44-->src/main/AndroidManifest.xml:36:27-74
45            </intent-filter>
46        </activity>
47        <activity android:name="com.dream.cleaner.ui.login.activity.ResetPasswordActivity" />
47-->src/main/AndroidManifest.xml:40:9-77
47-->src/main/AndroidManifest.xml:40:19-74
48        <activity android:name="com.dream.cleaner.ui.login.activity.MobileVerificationActivity" />
48-->src/main/AndroidManifest.xml:41:9-82
48-->src/main/AndroidManifest.xml:41:19-79
49        <activity android:name="com.dream.cleaner.utils.H5Activity" />
49-->src/main/AndroidManifest.xml:42:9-54
49-->src/main/AndroidManifest.xml:42:19-51
50
51        <provider
51-->[androidx.lifecycle:lifecycle-process:2.2.0] AndroidManifest.xml:25:9-29:43
52            android:name="androidx.lifecycle.ProcessLifecycleOwnerInitializer"
52-->[androidx.lifecycle:lifecycle-process:2.2.0] AndroidManifest.xml:26:13-79
53            android:authorities="com.dream.cleaner.lifecycle-process"
53-->[androidx.lifecycle:lifecycle-process:2.2.0] AndroidManifest.xml:27:13-69
54            android:exported="false"
54-->[androidx.lifecycle:lifecycle-process:2.2.0] AndroidManifest.xml:28:13-37
55            android:multiprocess="true" />
55-->[androidx.lifecycle:lifecycle-process:2.2.0] AndroidManifest.xml:29:13-40
56
57        <activity
57-->[com.blankj:utilcodex:1.29.0] AndroidManifest.xml:10:9-14:75
58            android:name="com.blankj.utilcode.util.UtilsTransActivity4MainProcess"
58-->[com.blankj:utilcodex:1.29.0] AndroidManifest.xml:11:13-83
59            android:configChanges="orientation|keyboardHidden|screenSize"
59-->[com.blankj:utilcodex:1.29.0] AndroidManifest.xml:12:13-74
60            android:theme="@style/ActivityTranslucent"
60-->[com.blankj:utilcodex:1.29.0] AndroidManifest.xml:13:13-55
61            android:windowSoftInputMode="stateHidden|stateAlwaysHidden" />
61-->[com.blankj:utilcodex:1.29.0] AndroidManifest.xml:14:13-72
62        <activity
62-->[com.blankj:utilcodex:1.29.0] AndroidManifest.xml:15:9-20:75
63            android:name="com.blankj.utilcode.util.UtilsTransActivity"
63-->[com.blankj:utilcodex:1.29.0] AndroidManifest.xml:16:13-71
64            android:configChanges="orientation|keyboardHidden|screenSize"
64-->[com.blankj:utilcodex:1.29.0] AndroidManifest.xml:17:13-74
65            android:multiprocess="true"
65-->[com.blankj:utilcodex:1.29.0] AndroidManifest.xml:18:13-40
66            android:theme="@style/ActivityTranslucent"
66-->[com.blankj:utilcodex:1.29.0] AndroidManifest.xml:19:13-55
67            android:windowSoftInputMode="stateHidden|stateAlwaysHidden" />
67-->[com.blankj:utilcodex:1.29.0] AndroidManifest.xml:20:13-72
68
69        <provider
69-->[com.blankj:utilcodex:1.29.0] AndroidManifest.xml:22:9-30:20
70            android:name="com.blankj.utilcode.util.UtilsFileProvider"
70-->[com.blankj:utilcodex:1.29.0] AndroidManifest.xml:23:13-70
71            android:authorities="com.dream.cleaner.utilcode.provider"
71-->[com.blankj:utilcodex:1.29.0] AndroidManifest.xml:24:13-69
72            android:exported="false"
72-->[com.blankj:utilcodex:1.29.0] AndroidManifest.xml:25:13-37
73            android:grantUriPermissions="true" >
73-->[com.blankj:utilcodex:1.29.0] AndroidManifest.xml:26:13-47
74            <meta-data
74-->[com.blankj:utilcodex:1.29.0] AndroidManifest.xml:27:13-29:68
75                android:name="android.support.FILE_PROVIDER_PATHS"
75-->[com.blankj:utilcodex:1.29.0] AndroidManifest.xml:28:17-67
76                android:resource="@xml/util_code_provider_paths" />
76-->[com.blankj:utilcodex:1.29.0] AndroidManifest.xml:29:17-65
77        </provider>
78
79        <service
79-->[com.blankj:utilcodex:1.29.0] AndroidManifest.xml:32:9-38:19
80            android:name="com.blankj.utilcode.util.MessengerUtils$ServerService"
80-->[com.blankj:utilcodex:1.29.0] AndroidManifest.xml:33:13-81
81            android:exported="false" >
81-->[com.blankj:utilcodex:1.29.0] AndroidManifest.xml:34:13-37
82            <intent-filter>
82-->[com.blankj:utilcodex:1.29.0] AndroidManifest.xml:35:13-37:29
83                <action android:name="com.dream.cleaner.messenger" />
83-->[com.blankj:utilcodex:1.29.0] AndroidManifest.xml:36:17-69
83-->[com.blankj:utilcodex:1.29.0] AndroidManifest.xml:36:25-66
84            </intent-filter>
85        </service>
86
87        <provider
87-->[me.jessyan:autosize:1.2.1] AndroidManifest.xml:12:9-16:43
88            android:name="me.jessyan.autosize.InitProvider"
88-->[me.jessyan:autosize:1.2.1] AndroidManifest.xml:13:13-60
89            android:authorities="com.dream.cleaner.autosize-init-provider"
89-->[me.jessyan:autosize:1.2.1] AndroidManifest.xml:14:13-74
90            android:exported="false"
90-->[me.jessyan:autosize:1.2.1] AndroidManifest.xml:15:13-37
91            android:multiprocess="true" />
91-->[me.jessyan:autosize:1.2.1] AndroidManifest.xml:16:13-40
92    </application>
93
94</manifest>